<?xml version="1.0" encoding="UTF-8"?>
<!-- Generated by org.testng.reporters.JUnitReportReporter -->
<testsuite hostname="Devendra" failures="0" tests="1" name="PrachiGupta.Automobile" time="0.012" errors="0" timestamp="2022-11-26T13:07:05 IST" skipped="0">
  <testcase classname="PrachiGupta.Automobile" name="testcase1" time="0.012"/>
  <system-out/>
</testsuite> <!-- PrachiGupta.Automobile -->
