<?xml version="1.0" encoding="UTF-8"?>
<!-- Generated by org.testng.reporters.JUnitReportReporter -->
<testsuite hostname="Devendra" failures="0" tests="1" name="TestNgHYR.BasicStructureTestNg" time="52.060" errors="0" timestamp="2022-12-28T13:06:05 IST" skipped="0">
  <testcase classname="TestNgHYR.BasicStructureTestNg" name="setup" time="52.060"/>
  <system-out/>
</testsuite> <!-- TestNgHYR.BasicStructureTestNg -->
