<?xml version="1.0" encoding="UTF-8"?>
<!-- Generated by org.testng.reporters.JUnitReportReporter -->
<testsuite hostname="Devendra" failures="0" tests="3" name="PrachiGupta.DataProvider" time="40.878" errors="0" timestamp="2022-11-26T14:34:31 IST" skipped="0">
  <testcase classname="PrachiGupta.DataProvider" name="TestCaseGooglesearch" time="11.706"/>
  <system-out/>
  <testcase classname="PrachiGupta.DataProvider" name="TestCaseGooglesearch" time="16.290"/>
  <system-out/>
  <testcase classname="PrachiGupta.DataProvider" name="TestCaseGooglesearch" time="12.882"/>
  <system-out/>
</testsuite> <!-- PrachiGupta.DataProvider -->
