<?xml version="1.0" encoding="UTF-8"?>
<!-- Generated by org.testng.reporters.JUnitReportReporter -->
<testsuite hostname="Devendra" failures="0" tests="2" name="PrachiGupta.TestAttributes" time="0.016" errors="0" timestamp="2022-11-26T12:16:01 IST" skipped="0">
  <testcase classname="PrachiGupta.TestAttributes" name="Infosys" time="0.012"/>
  <system-out/>
  <testcase classname="PrachiGupta.TestAttributes" name="wipro" time="0.004"/>
  <system-out/>
</testsuite> <!-- PrachiGupta.TestAttributes -->
