<?xml version="1.0" encoding="UTF-8"?>
<!-- Generated by org.testng.reporters.JUnitReportReporter -->
<testsuite hostname="Devendra" failures="0" tests="3" name="PrachiGupta.TestNgParameter" time="0.020" errors="0" timestamp="2022-11-26T12:47:29 IST" skipped="0">
  <testcase classname="PrachiGupta.TestNgParameter" name="sub" time="0.004"/>
  <system-out/>
  <testcase classname="PrachiGupta.TestNgParameter" name="multiply" time="0.003"/>
  <system-out/>
  <testcase classname="PrachiGupta.TestNgParameter" name="add" time="0.013"/>
  <system-out/>
</testsuite> <!-- PrachiGupta.TestNgParameter -->
