<?xml version="1.0" encoding="UTF-8"?>
<!-- Generated by org.testng.reporters.JUnitReportReporter -->
<testsuite hostname="Devendra" failures="0" tests="4" name="DataDriven.DataDrivenTesting" time="27.292" errors="0" timestamp="2022-12-27T15:55:06 IST" skipped="0">
  <testcase classname="DataDriven.DataDrivenTesting" name="Logintest" time="5.677"/>
  <system-out/>
  <testcase classname="DataDriven.DataDrivenTesting" name="Logintest" time="8.734"/>
  <system-out/>
  <testcase classname="DataDriven.DataDrivenTesting" name="Logintest" time="5.923"/>
  <system-out/>
  <testcase classname="DataDriven.DataDrivenTesting" name="Logintest" time="6.958"/>
  <system-out/>
</testsuite> <!-- DataDriven.DataDrivenTesting -->
