<?xml version="1.0" encoding="UTF-8"?>
<!-- Generated by org.testng.reporters.JUnitReportReporter -->
<testsuite hostname="Devendra" failures="0" tests="2" name="PrachiGupta.ParellelTestDemo" time="13.886" errors="0" timestamp="2022-11-26T16:50:52 IST" skipped="0">
  <testcase classname="PrachiGupta.ParellelTestDemo" name="verifyLogo" time="8.757"/>
  <system-out/>
  <testcase classname="PrachiGupta.ParellelTestDemo" name="verifytitle" time="5.129"/>
  <system-out/>
</testsuite> <!-- PrachiGupta.ParellelTestDemo -->
