<?xml version="1.0" encoding="UTF-8"?>
<!-- Generated by org.testng.reporters.JUnitReportReporter -->
<testsuite hostname="Devendra" failures="0" tests="1" name="PrachiGupta.Software" time="0.003" errors="0" timestamp="2022-11-26T13:07:05 IST" skipped="0">
  <testcase classname="PrachiGupta.Software" name="testcase1" time="0.003"/>
  <system-out/>
</testsuite> <!-- PrachiGupta.Software -->
