<?xml version="1.0" encoding="UTF-8"?>
<!-- Generated by org.testng.reporters.JUnitReportReporter -->
<testsuite hostname="Devendra" failures="0" tests="1" name="PrachiGupta.ParellelTestDemo2" time="9.561" errors="0" timestamp="2022-11-26T16:50:52 IST" skipped="0">
  <testcase classname="PrachiGupta.ParellelTestDemo2" name="verifytitle" time="9.561"/>
  <system-out/>
</testsuite> <!-- PrachiGupta.ParellelTestDemo2 -->
